<?xml version="1.0" encoding="UTF-8"?>
<!-- Generated by org.testng.reporters.JUnitReportReporter -->
<testsuite hostname="DESKTOP-1TK4TSS" failures="0" tests="1" name="digitPrograms.FindThePrimeNumberFromGivenNumberTest" time="2.655" errors="0" timestamp="2023-06-21T10:36:50 IST" skipped="0">
  <testcase classname="digitPrograms.FindThePrimeNumberFromGivenNumberTest" name="primeNumberMethod" time="2.655"/>
  <system-out/>
</testsuite> <!-- digitPrograms.FindThePrimeNumberFromGivenNumberTest -->
