<?xml version="1.0" encoding="UTF-8"?>
<!-- Generated by org.testng.reporters.JUnitReportReporter -->
<testsuite hostname="DESKTOP-1TK4TSS" failures="0" tests="1" name="arrayPrograms.CountTheNumberOfElementsRepeatedFromArrayTest" time="0.017" errors="0" timestamp="2023-06-21T10:16:07 IST" skipped="0">
  <testcase classname="arrayPrograms.CountTheNumberOfElementsRepeatedFromArrayTest" name="countElementsRepeated" time="0.017"/>
  <system-out/>
</testsuite> <!-- arrayPrograms.CountTheNumberOfElementsRepeatedFromArrayTest -->
