<?xml version="1.0" encoding="UTF-8"?>
<!-- Generated by org.testng.reporters.JUnitReportReporter -->
<testsuite hostname="DESKTOP-1TK4TSS" failures="0" tests="1" name="arrayPrograms.CountTheElementsRepeatedFromArrayTest" time="0.015" errors="0" timestamp="2023-06-20T20:17:29 IST" skipped="0">
  <testcase classname="arrayPrograms.CountTheElementsRepeatedFromArrayTest" name="countTheElementRepeatedFromArray" time="0.015"/>
  <system-out/>
</testsuite> <!-- arrayPrograms.CountTheElementsRepeatedFromArrayTest -->
